<?xml version="1.0" encoding="UTF-8"?>
<testsuite xmlns:xsi="http://www.w3.org/2001/XMLSchema-instance" xsi:noNamespaceSchemaLocation="https://maven.apache.org/surefire/maven-surefire-plugin/xsd/surefire-test-report.xsd" version="3.0.2" name="br.pucminas.hospedagem.SistemaHospedagemTest" time="1.621" tests="27" errors="0" skipped="0" failures="0">
  <properties>
[...]
</properties>
  <testcase name="diarias_saidaManha_semExtra" classname="br.pucminas.hospedagem.SistemaHospedagemTest" time="1.257"/>
  <testcase name="quartoIndisponivel_mensagemComId" classname="br.pucminas.hospedagem.SistemaHospedagemTest" time="0.017"/>
  <testcase name="diarias_mesmoDia_ao12h" classname="br.pucminas.hospedagem.SistemaHospedagemTest" time="0.007"/>
  <testcase name="familia_diaria_desconto5pct" classname="br.pucminas.hospedagem.SistemaHospedagemTest" time="0.012"/>
  <testcase name="casal_diaria_semBerco" classname="br.pucminas.hospedagem.SistemaHospedagemTest" time="0.009"/>
  <testcase name="dataInvalida_mensagemCorreta" classname="br.pucminas.hospedagem.SistemaHospedagemTest" time="0.006"/>
  <testcase name="casal_diaria_queen" classname="br.pucminas.hospedagem.SistemaHospedagemTest" time="0.008"/>
  <testcase name="diarias_tresNoites_semExtra" classname="br.pucminas.hospedagem.SistemaHospedagemTest" time="0.01"/>
  <testcase name="familia_diaria_desconto10pct" classname="br.pucminas.hospedagem.SistemaHospedagemTest" time="0.005"/>
  <testcase name="familia_diaria_desconto15pct" classname="br.pucminas.hospedagem.SistemaHospedagemTest" time="0.008"/>
  <testcase name="diarias_saidaTarde_comExtra" classname="br.pucminas.hospedagem.SistemaHospedagemTest" time="0.006"/>
  <testcase name="disponibilidade_quartoLivre_retornaTrue" classname="br.pucminas.hospedagem.SistemaHospedagemTest" time="0.111"/>
  <testcase name="individual_diaria_comAr" classname="br.pucminas.hospedagem.SistemaHospedagemTest" time="0.008"/>
  <testcase name="familia_capacidadeExcedida_viaService" classname="br.pucminas.hospedagem.SistemaHospedagemTest" time="0.024"/>
  <testcase name="individual_limiteHospedes_armazenado" classname="br.pucminas.hospedagem.SistemaHospedagemTest" time="0.008"/>
  <testcase name="familia_capacidadeExcedida_lancaExcecao" classname="br.pucminas.hospedagem.SistemaHospedagemTest" time="0.006"/>
  <testcase name="familia_capacidadeMaxima_armazenada" classname="br.pucminas.hospedagem.SistemaHospedagemTest" time="0.004"/>
  <testcase name="casal_diaria_king" classname="br.pucminas.hospedagem.SistemaHospedagemTest" time="0.006"/>
  <testcase name="berco_incrementaValorEm25" classname="br.pucminas.hospedagem.SistemaHospedagemTest" time="0.004"/>
  <testcase name="berco_quartoIndividual_lancaRecursoNaoPermitido" classname="br.pucminas.hospedagem.SistemaHospedagemTest" time="0.007"/>
  <testcase name="casal_diaria_comBerco" classname="br.pucminas.hospedagem.SistemaHospedagemTest" time="0.004"/>
  <testcase name="disponibilidade_quartoOcupado_retornaFalse" classname="br.pucminas.hospedagem.SistemaHospedagemTest" time="0.009"/>
  <testcase name="individual_diaria_comHidro" classname="br.pucminas.hospedagem.SistemaHospedagemTest" time="0.005"/>
  <testcase name="individual_diaria_simples" classname="br.pucminas.hospedagem.SistemaHospedagemTest" time="0.005"/>
  <testcase name="familia_diaria_semDesconto" classname="br.pucminas.hospedagem.SistemaHospedagemTest" time="0.005"/>
  <testcase name="individual_diaria_duasCamas" classname="br.pucminas.hospedagem.SistemaHospedagemTest" time="0.005"/>
  <testcase name="berco_naoExisteEmIndividual" classname="br.pucminas.hospedagem.SistemaHospedagemTest" time="0.012"/>
</testsuite>